[2026-01-15T21:59:22.307+0000] {manager.py:469} INFO - Processing files using up to 2 processes at a time 
[2026-01-15T21:59:22.309+0000] {manager.py:470} INFO - Process each file at most once every 30 seconds
[2026-01-15T21:59:22.310+0000] {manager.py:471} INFO - Checking for new files in /opt/airflow/dags every 300 seconds
[2026-01-15T21:59:22.312+0000] {manager.py:738} INFO - Searching for files in /opt/airflow/dags
[2026-01-15T21:59:22.318+0000] {manager.py:741} INFO - There are 1 files in /opt/airflow/dags
[2026-01-15T21:59:22.464+0000] {manager.py:879} INFO - 
================================================================================
DAG File Processing Stats

File Path                    PID  Runtime      # DAGs    # Errors  Last Runtime    Last Run
-------------------------  -----  ---------  --------  ----------  --------------  ----------
/opt/airflow/dags/test.py    241  0.08s             0           0
================================================================================
[2026-01-15T21:59:52.702+0000] {manager.py:879} INFO - 
================================================================================
DAG File Processing Stats

File Path                  PID    Runtime      # DAGs    # Errors  Last Runtime    Last Run
-------------------------  -----  ---------  --------  ----------  --------------  -------------------
/opt/airflow/dags/test.py                           1           0  0.46s           2026-01-15T21:59:22
================================================================================
[2026-01-15T22:00:23.356+0000] {manager.py:879} INFO - 
================================================================================
DAG File Processing Stats

File Path                    PID  Runtime      # DAGs    # Errors  Last Runtime    Last Run
-------------------------  -----  ---------  --------  ----------  --------------  -------------------
/opt/airflow/dags/test.py    256  0.00s             1           0  0.20s           2026-01-15T21:59:53
================================================================================
[2026-01-15T22:00:53.775+0000] {manager.py:879} INFO - 
================================================================================
DAG File Processing Stats

File Path                    PID  Runtime      # DAGs    # Errors  Last Runtime    Last Run
-------------------------  -----  ---------  --------  ----------  --------------  -------------------
/opt/airflow/dags/test.py    261  0.01s             1           0  0.27s           2026-01-15T22:00:23
================================================================================
[2026-01-15T22:01:24.086+0000] {manager.py:879} INFO - 
================================================================================
DAG File Processing Stats

File Path                    PID  Runtime      # DAGs    # Errors  Last Runtime    Last Run
-------------------------  -----  ---------  --------  ----------  --------------  -------------------
/opt/airflow/dags/test.py    266  0.01s             1           0  0.18s           2026-01-15T22:00:53
================================================================================
[2026-01-15T22:01:54.387+0000] {manager.py:879} INFO - 
================================================================================
DAG File Processing Stats

File Path                    PID  Runtime      # DAGs    # Errors  Last Runtime    Last Run
-------------------------  -----  ---------  --------  ----------  --------------  -------------------
/opt/airflow/dags/test.py    271  0.01s             1           0  0.18s           2026-01-15T22:01:24
================================================================================
[2026-01-15T22:02:24.669+0000] {manager.py:879} INFO - 
================================================================================
DAG File Processing Stats

File Path                    PID  Runtime      # DAGs    # Errors  Last Runtime    Last Run
-------------------------  -----  ---------  --------  ----------  --------------  -------------------
/opt/airflow/dags/test.py    293  0.01s             1           0  0.19s           2026-01-15T22:01:54
================================================================================
[2026-01-15T22:02:54.940+0000] {manager.py:879} INFO - 
================================================================================
DAG File Processing Stats

File Path                    PID  Runtime      # DAGs    # Errors  Last Runtime    Last Run
-------------------------  -----  ---------  --------  ----------  --------------  -------------------
/opt/airflow/dags/test.py    298  0.00s             1           0  0.20s           2026-01-15T22:02:24
================================================================================
[2026-01-15T22:03:25.244+0000] {manager.py:879} INFO - 
================================================================================
DAG File Processing Stats

File Path                    PID  Runtime      # DAGs    # Errors  Last Runtime    Last Run
-------------------------  -----  ---------  --------  ----------  --------------  -------------------
/opt/airflow/dags/test.py    303  0.00s             1           0  0.19s           2026-01-15T22:02:55
================================================================================
[2026-01-15T22:03:55.542+0000] {manager.py:879} INFO - 
================================================================================
DAG File Processing Stats

File Path                    PID  Runtime      # DAGs    # Errors  Last Runtime    Last Run
-------------------------  -----  ---------  --------  ----------  --------------  -------------------
/opt/airflow/dags/test.py    308  0.00s             1           0  0.20s           2026-01-15T22:03:25
================================================================================
[2026-01-15T22:04:22.801+0000] {manager.py:738} INFO - Searching for files in /opt/airflow/dags
[2026-01-15T22:04:22.805+0000] {manager.py:741} INFO - There are 1 files in /opt/airflow/dags
[2026-01-15T22:04:25.849+0000] {manager.py:879} INFO - 
================================================================================
DAG File Processing Stats

File Path                    PID  Runtime      # DAGs    # Errors  Last Runtime    Last Run
-------------------------  -----  ---------  --------  ----------  --------------  -------------------
/opt/airflow/dags/test.py    313  0.00s             1           0  0.18s           2026-01-15T22:03:55
================================================================================
[2026-01-15T22:04:56.088+0000] {manager.py:879} INFO - 
================================================================================
DAG File Processing Stats

File Path                    PID  Runtime      # DAGs    # Errors  Last Runtime    Last Run
-------------------------  -----  ---------  --------  ----------  --------------  -------------------
/opt/airflow/dags/test.py    318  0.01s             1           0  0.17s           2026-01-15T22:04:26
================================================================================
[2026-01-15T22:05:26.369+0000] {manager.py:879} INFO - 
================================================================================
DAG File Processing Stats

File Path                    PID  Runtime      # DAGs    # Errors  Last Runtime    Last Run
-------------------------  -----  ---------  --------  ----------  --------------  -------------------
/opt/airflow/dags/test.py    323  0.00s             1           0  0.17s           2026-01-15T22:04:56
================================================================================
[2026-01-15T22:05:56.608+0000] {manager.py:879} INFO - 
================================================================================
DAG File Processing Stats

File Path                    PID  Runtime      # DAGs    # Errors  Last Runtime    Last Run
-------------------------  -----  ---------  --------  ----------  --------------  -------------------
/opt/airflow/dags/test.py    328  0.01s             1           0  0.19s           2026-01-15T22:05:26
================================================================================
[2026-01-15T22:06:26.915+0000] {manager.py:879} INFO - 
================================================================================
DAG File Processing Stats

File Path                    PID  Runtime      # DAGs    # Errors  Last Runtime    Last Run
-------------------------  -----  ---------  --------  ----------  --------------  -------------------
/opt/airflow/dags/test.py    333  0.00s             1           0  0.23s           2026-01-15T22:05:56
================================================================================
[2026-01-15T22:06:57.187+0000] {manager.py:879} INFO - 
================================================================================
DAG File Processing Stats

File Path                    PID  Runtime      # DAGs    # Errors  Last Runtime    Last Run
-------------------------  -----  ---------  --------  ----------  --------------  -------------------
/opt/airflow/dags/test.py    338  0.01s             1           0  0.17s           2026-01-15T22:06:27
================================================================================
[2026-01-15T22:07:27.445+0000] {manager.py:879} INFO - 
================================================================================
DAG File Processing Stats

File Path                    PID  Runtime      # DAGs    # Errors  Last Runtime    Last Run
-------------------------  -----  ---------  --------  ----------  --------------  -------------------
/opt/airflow/dags/test.py    343  0.01s             1           0  0.22s           2026-01-15T22:06:57
================================================================================
[2026-01-15T22:07:57.770+0000] {manager.py:879} INFO - 
================================================================================
DAG File Processing Stats

File Path                    PID  Runtime      # DAGs    # Errors  Last Runtime    Last Run
-------------------------  -----  ---------  --------  ----------  --------------  -------------------
/opt/airflow/dags/test.py    348  0.01s             1           0  0.19s           2026-01-15T22:07:27
================================================================================
[2026-01-15T22:08:28.006+0000] {manager.py:879} INFO - 
================================================================================
DAG File Processing Stats

File Path                    PID  Runtime      # DAGs    # Errors  Last Runtime    Last Run
-------------------------  -----  ---------  --------  ----------  --------------  -------------------
/opt/airflow/dags/test.py    353  0.01s             1           0  0.17s           2026-01-15T22:07:57
================================================================================
[2026-01-15T22:08:58.293+0000] {manager.py:879} INFO - 
================================================================================
DAG File Processing Stats

File Path                    PID  Runtime      # DAGs    # Errors  Last Runtime    Last Run
-------------------------  -----  ---------  --------  ----------  --------------  -------------------
/opt/airflow/dags/test.py    358  0.00s             1           0  0.20s           2026-01-15T22:08:28
================================================================================
[2026-01-15T22:09:23.522+0000] {manager.py:738} INFO - Searching for files in /opt/airflow/dags
[2026-01-15T22:09:23.525+0000] {manager.py:741} INFO - There are 1 files in /opt/airflow/dags
[2026-01-15T22:09:28.579+0000] {manager.py:879} INFO - 
================================================================================
DAG File Processing Stats

File Path                    PID  Runtime      # DAGs    # Errors  Last Runtime    Last Run
-------------------------  -----  ---------  --------  ----------  --------------  -------------------
/opt/airflow/dags/test.py    363  0.00s             1           0  0.16s           2026-01-15T22:08:58
================================================================================
[2026-01-15T22:09:58.815+0000] {manager.py:879} INFO - 
================================================================================
DAG File Processing Stats

File Path                    PID  Runtime      # DAGs    # Errors  Last Runtime    Last Run
-------------------------  -----  ---------  --------  ----------  --------------  -------------------
/opt/airflow/dags/test.py    368  0.01s             1           0  0.21s           2026-01-15T22:09:28
================================================================================
[2026-01-15T22:10:29.158+0000] {manager.py:879} INFO - 
================================================================================
DAG File Processing Stats

File Path                    PID  Runtime      # DAGs    # Errors  Last Runtime    Last Run
-------------------------  -----  ---------  --------  ----------  --------------  -------------------
/opt/airflow/dags/test.py    373  0.01s             1           0  0.19s           2026-01-15T22:09:58
================================================================================
[2026-01-15T22:10:59.499+0000] {manager.py:879} INFO - 
================================================================================
DAG File Processing Stats

File Path                  PID    Runtime      # DAGs    # Errors  Last Runtime    Last Run
-------------------------  -----  ---------  --------  ----------  --------------  -------------------
/opt/airflow/dags/test.py                           1           0  0.35s           2026-01-15T22:10:37
================================================================================
[2026-01-15T22:11:29.862+0000] {manager.py:879} INFO - 
================================================================================
DAG File Processing Stats

File Path                  PID    Runtime      # DAGs    # Errors  Last Runtime    Last Run
-------------------------  -----  ---------  --------  ----------  --------------  -------------------
/opt/airflow/dags/test.py                           1           0  0.17s           2026-01-15T22:11:07
================================================================================
[2026-01-15T22:12:00.137+0000] {manager.py:879} INFO - 
================================================================================
DAG File Processing Stats

File Path                  PID    Runtime      # DAGs    # Errors  Last Runtime    Last Run
-------------------------  -----  ---------  --------  ----------  --------------  -------------------
/opt/airflow/dags/test.py                           1           0  0.09s           2026-01-15T22:11:38
================================================================================
[2026-01-15T22:12:30.329+0000] {manager.py:879} INFO - 
================================================================================
DAG File Processing Stats

File Path                  PID    Runtime      # DAGs    # Errors  Last Runtime    Last Run
-------------------------  -----  ---------  --------  ----------  --------------  -------------------
/opt/airflow/dags/test.py                           0           1  0.04s           2026-01-15T22:12:28
================================================================================
[2026-01-15T22:13:00.462+0000] {manager.py:879} INFO - 
================================================================================
DAG File Processing Stats

File Path                  PID    Runtime      # DAGs    # Errors  Last Runtime    Last Run
-------------------------  -----  ---------  --------  ----------  --------------  -------------------
/opt/airflow/dags/test.py                           0           1  0.05s           2026-01-15T22:12:58
================================================================================
[2026-01-15T22:13:30.651+0000] {manager.py:879} INFO - 
================================================================================
DAG File Processing Stats

File Path                  PID    Runtime      # DAGs    # Errors  Last Runtime    Last Run
-------------------------  -----  ---------  --------  ----------  --------------  -------------------
/opt/airflow/dags/test.py                           0           1  0.04s           2026-01-15T22:13:14
================================================================================
[2026-01-15T22:14:00.788+0000] {manager.py:879} INFO - 
================================================================================
DAG File Processing Stats

File Path                  PID    Runtime      # DAGs    # Errors  Last Runtime    Last Run
-------------------------  -----  ---------  --------  ----------  --------------  -------------------
/opt/airflow/dags/test.py                           0           1  0.04s           2026-01-15T22:13:44
================================================================================
[2026-01-15T22:14:23.938+0000] {manager.py:738} INFO - Searching for files in /opt/airflow/dags
[2026-01-15T22:14:23.940+0000] {manager.py:741} INFO - There are 1 files in /opt/airflow/dags
[2026-01-15T22:14:30.972+0000] {manager.py:879} INFO - 
================================================================================
DAG File Processing Stats

File Path                  PID    Runtime      # DAGs    # Errors  Last Runtime    Last Run
-------------------------  -----  ---------  --------  ----------  --------------  -------------------
/opt/airflow/dags/test.py                           1           0  0.12s           2026-01-15T22:14:22
================================================================================
[2026-01-15T22:15:01.146+0000] {manager.py:879} INFO - 
================================================================================
DAG File Processing Stats

File Path                  PID    Runtime      # DAGs    # Errors  Last Runtime    Last Run
-------------------------  -----  ---------  --------  ----------  --------------  -------------------
/opt/airflow/dags/test.py                           1           0  0.09s           2026-01-15T22:14:52
================================================================================
[2026-01-15T22:15:31.282+0000] {manager.py:879} INFO - 
================================================================================
DAG File Processing Stats

File Path                  PID    Runtime      # DAGs    # Errors  Last Runtime    Last Run
-------------------------  -----  ---------  --------  ----------  --------------  -------------------
/opt/airflow/dags/test.py                           1           0  0.08s           2026-01-15T22:15:22
================================================================================
[2026-01-15T22:16:01.457+0000] {manager.py:879} INFO - 
================================================================================
DAG File Processing Stats

File Path                  PID    Runtime      # DAGs    # Errors  Last Runtime    Last Run
-------------------------  -----  ---------  --------  ----------  --------------  -------------------
/opt/airflow/dags/test.py                           1           0  0.07s           2026-01-15T22:15:52
================================================================================
[2026-01-15T22:16:08.082+0000] {manager.py:451} INFO - Exiting gracefully upon receiving signal 15
[2026-01-16T06:56:31.634+0000] {manager.py:469} INFO - Processing files using up to 2 processes at a time 
[2026-01-16T06:56:31.637+0000] {manager.py:470} INFO - Process each file at most once every 30 seconds
[2026-01-16T06:56:31.638+0000] {manager.py:471} INFO - Checking for new files in /opt/airflow/dags every 300 seconds
[2026-01-16T06:56:31.640+0000] {manager.py:738} INFO - Searching for files in /opt/airflow/dags
[2026-01-16T06:56:31.647+0000] {manager.py:741} INFO - There are 1 files in /opt/airflow/dags
[2026-01-16T06:56:31.808+0000] {manager.py:879} INFO - 
================================================================================
DAG File Processing Stats

File Path                    PID  Runtime      # DAGs    # Errors  Last Runtime    Last Run
-------------------------  -----  ---------  --------  ----------  --------------  ----------
/opt/airflow/dags/test.py    242  0.08s             0           0
================================================================================
[2026-01-16T06:57:02.000+0000] {manager.py:879} INFO - 
================================================================================
DAG File Processing Stats

File Path                  PID    Runtime      # DAGs    # Errors  Last Runtime    Last Run
-------------------------  -----  ---------  --------  ----------  --------------  -------------------
/opt/airflow/dags/test.py                           1           0  0.39s           2026-01-16T06:56:32
================================================================================
[2026-01-16T06:57:32.552+0000] {manager.py:879} INFO - 
================================================================================
DAG File Processing Stats

File Path                    PID  Runtime      # DAGs    # Errors  Last Runtime    Last Run
-------------------------  -----  ---------  --------  ----------  --------------  -------------------
/opt/airflow/dags/test.py    261  0.00s             1           0  0.21s           2026-01-16T06:57:02
================================================================================
[2026-01-16T06:58:02.979+0000] {manager.py:879} INFO - 
================================================================================
DAG File Processing Stats

File Path                    PID  Runtime      # DAGs    # Errors  Last Runtime    Last Run
-------------------------  -----  ---------  --------  ----------  --------------  -------------------
/opt/airflow/dags/test.py    266  0.01s             1           0  0.20s           2026-01-16T06:57:32
================================================================================
[2026-01-16T06:58:33.241+0000] {manager.py:879} INFO - 
================================================================================
DAG File Processing Stats

File Path                    PID  Runtime      # DAGs    # Errors  Last Runtime    Last Run
-------------------------  -----  ---------  --------  ----------  --------------  -------------------
/opt/airflow/dags/test.py    271  0.00s             1           0  0.22s           2026-01-16T06:58:03
================================================================================
[2026-01-16T06:59:03.639+0000] {manager.py:879} INFO - 
================================================================================
DAG File Processing Stats

File Path                    PID  Runtime      # DAGs    # Errors  Last Runtime    Last Run
-------------------------  -----  ---------  --------  ----------  --------------  -------------------
/opt/airflow/dags/test.py    276  0.00s             1           0  0.20s           2026-01-16T06:58:33
================================================================================
[2026-01-16T06:59:33.838+0000] {manager.py:879} INFO - 
================================================================================
DAG File Processing Stats

File Path                    PID  Runtime      # DAGs    # Errors  Last Runtime    Last Run
-------------------------  -----  ---------  --------  ----------  --------------  -------------------
/opt/airflow/dags/test.py    281  0.00s             1           0  0.18s           2026-01-16T06:59:03
================================================================================
[2026-01-16T07:00:04.018+0000] {manager.py:879} INFO - 
================================================================================
DAG File Processing Stats

File Path                    PID  Runtime      # DAGs    # Errors  Last Runtime    Last Run
-------------------------  -----  ---------  --------  ----------  --------------  -------------------
/opt/airflow/dags/test.py    286  0.00s             1           0  0.08s           2026-01-16T06:59:33
================================================================================
[2026-01-16T07:00:34.229+0000] {manager.py:879} INFO - 
================================================================================
DAG File Processing Stats

File Path                    PID  Runtime      # DAGs    # Errors  Last Runtime    Last Run
-------------------------  -----  ---------  --------  ----------  --------------  -------------------
/opt/airflow/dags/test.py    291  0.00s             1           0  0.11s           2026-01-16T07:00:04
================================================================================
[2026-01-16T07:01:04.406+0000] {manager.py:879} INFO - 
================================================================================
DAG File Processing Stats

File Path                    PID  Runtime      # DAGs    # Errors  Last Runtime    Last Run
-------------------------  -----  ---------  --------  ----------  --------------  -------------------
/opt/airflow/dags/test.py    296  0.01s             1           0  0.08s           2026-01-16T07:00:34
================================================================================
[2026-01-16T07:01:31.700+0000] {manager.py:738} INFO - Searching for files in /opt/airflow/dags
[2026-01-16T07:01:31.705+0000] {manager.py:741} INFO - There are 1 files in /opt/airflow/dags
[2026-01-16T07:01:34.609+0000] {manager.py:879} INFO - 
================================================================================
DAG File Processing Stats

File Path                    PID  Runtime      # DAGs    # Errors  Last Runtime    Last Run
-------------------------  -----  ---------  --------  ----------  --------------  -------------------
/opt/airflow/dags/test.py    301  0.00s             1           0  0.17s           2026-01-16T07:01:04
================================================================================
[2026-01-16T07:02:04.925+0000] {manager.py:879} INFO - 
================================================================================
DAG File Processing Stats

File Path                    PID  Runtime      # DAGs    # Errors  Last Runtime    Last Run
-------------------------  -----  ---------  --------  ----------  --------------  -------------------
/opt/airflow/dags/test.py    306  0.00s             1           0  0.19s           2026-01-16T07:01:34
================================================================================
[2026-01-16T07:02:35.117+0000] {manager.py:879} INFO - 
================================================================================
DAG File Processing Stats

File Path                    PID  Runtime      # DAGs    # Errors  Last Runtime    Last Run
-------------------------  -----  ---------  --------  ----------  --------------  -------------------
/opt/airflow/dags/test.py    311  0.00s             1           0  0.12s           2026-01-16T07:02:05
================================================================================
[2026-01-16T07:03:05.351+0000] {manager.py:879} INFO - 
================================================================================
DAG File Processing Stats

File Path                    PID  Runtime      # DAGs    # Errors  Last Runtime    Last Run
-------------------------  -----  ---------  --------  ----------  --------------  -------------------
/opt/airflow/dags/test.py    316  0.00s             1           0  0.08s           2026-01-16T07:02:35
================================================================================
[2026-01-16T07:03:35.540+0000] {manager.py:879} INFO - 
================================================================================
DAG File Processing Stats

File Path                    PID  Runtime      # DAGs    # Errors  Last Runtime    Last Run
-------------------------  -----  ---------  --------  ----------  --------------  -------------------
/opt/airflow/dags/test.py    321  0.00s             1           0  0.16s           2026-01-16T07:03:05
================================================================================
[2026-01-16T07:04:05.818+0000] {manager.py:879} INFO - 
================================================================================
DAG File Processing Stats

File Path                    PID  Runtime      # DAGs    # Errors  Last Runtime    Last Run
-------------------------  -----  ---------  --------  ----------  --------------  -------------------
/opt/airflow/dags/test.py    326  0.01s             1           0  0.20s           2026-01-16T07:03:35
================================================================================
[2026-01-16T07:04:36.028+0000] {manager.py:879} INFO - 
================================================================================
DAG File Processing Stats

File Path                    PID  Runtime      # DAGs    # Errors  Last Runtime    Last Run
-------------------------  -----  ---------  --------  ----------  --------------  -------------------
/opt/airflow/dags/test.py    331  0.00s             1           0  0.09s           2026-01-16T07:04:05
================================================================================
[2026-01-16T07:05:06.201+0000] {manager.py:879} INFO - 
================================================================================
DAG File Processing Stats

File Path                    PID  Runtime      # DAGs    # Errors  Last Runtime    Last Run
-------------------------  -----  ---------  --------  ----------  --------------  -------------------
/opt/airflow/dags/test.py    336  0.01s             1           0  0.08s           2026-01-16T07:04:36
================================================================================
[2026-01-16T07:05:36.393+0000] {manager.py:879} INFO - 
================================================================================
DAG File Processing Stats

File Path                    PID  Runtime      # DAGs    # Errors  Last Runtime    Last Run
-------------------------  -----  ---------  --------  ----------  --------------  -------------------
/opt/airflow/dags/test.py    341  0.01s             1           0  0.09s           2026-01-16T07:05:06
================================================================================
[2026-01-16T07:06:06.596+0000] {manager.py:879} INFO - 
================================================================================
DAG File Processing Stats

File Path                    PID  Runtime      # DAGs    # Errors  Last Runtime    Last Run
-------------------------  -----  ---------  --------  ----------  --------------  -------------------
/opt/airflow/dags/test.py    346  0.00s             1           0  0.19s           2026-01-16T07:05:36
================================================================================
[2026-01-16T07:06:31.735+0000] {manager.py:738} INFO - Searching for files in /opt/airflow/dags
[2026-01-16T07:06:31.738+0000] {manager.py:741} INFO - There are 1 files in /opt/airflow/dags
[2026-01-16T07:06:36.777+0000] {manager.py:879} INFO - 
================================================================================
DAG File Processing Stats

File Path                    PID  Runtime      # DAGs    # Errors  Last Runtime    Last Run
-------------------------  -----  ---------  --------  ----------  --------------  -------------------
/opt/airflow/dags/test.py    351  0.00s             1           0  0.08s           2026-01-16T07:06:06
================================================================================
[2026-01-16T07:07:06.974+0000] {manager.py:879} INFO - 
================================================================================
DAG File Processing Stats

File Path                    PID  Runtime      # DAGs    # Errors  Last Runtime    Last Run
-------------------------  -----  ---------  --------  ----------  --------------  -------------------
/opt/airflow/dags/test.py    356  0.00s             1           0  0.07s           2026-01-16T07:06:36
================================================================================
[2026-01-16T07:07:37.153+0000] {manager.py:879} INFO - 
================================================================================
DAG File Processing Stats

File Path                  PID    Runtime      # DAGs    # Errors  Last Runtime    Last Run
-------------------------  -----  ---------  --------  ----------  --------------  -------------------
/opt/airflow/dags/test.py                           1           0  0.20s           2026-01-16T07:07:07
================================================================================
[2026-01-16T07:08:07.459+0000] {manager.py:879} INFO - 
================================================================================
DAG File Processing Stats

File Path                  PID    Runtime      # DAGs    # Errors  Last Runtime    Last Run
-------------------------  -----  ---------  --------  ----------  --------------  -------------------
/opt/airflow/dags/test.py                           1           0  0.19s           2026-01-16T07:07:37
================================================================================
[2026-01-16T07:08:37.822+0000] {manager.py:879} INFO - 
================================================================================
DAG File Processing Stats

File Path                    PID  Runtime      # DAGs    # Errors  Last Runtime    Last Run
-------------------------  -----  ---------  --------  ----------  --------------  -------------------
/opt/airflow/dags/test.py    371  0.01s             1           0  0.11s           2026-01-16T07:08:07
================================================================================
[2026-01-16T07:09:08.081+0000] {manager.py:879} INFO - 
================================================================================
DAG File Processing Stats

File Path                    PID  Runtime      # DAGs    # Errors  Last Runtime    Last Run
-------------------------  -----  ---------  --------  ----------  --------------  -------------------
/opt/airflow/dags/test.py    376  0.00s             1           0  0.14s           2026-01-16T07:08:37
================================================================================
[2026-01-16T07:09:38.296+0000] {manager.py:879} INFO - 
================================================================================
DAG File Processing Stats

File Path                    PID  Runtime      # DAGs    # Errors  Last Runtime    Last Run
-------------------------  -----  ---------  --------  ----------  --------------  -------------------
/opt/airflow/dags/test.py    381  0.00s             1           0  0.08s           2026-01-16T07:09:08
================================================================================
[2026-01-16T07:10:08.497+0000] {manager.py:879} INFO - 
================================================================================
DAG File Processing Stats

File Path                    PID  Runtime      # DAGs    # Errors  Last Runtime    Last Run
-------------------------  -----  ---------  --------  ----------  --------------  -------------------
/opt/airflow/dags/test.py    386  0.01s             1           0  0.08s           2026-01-16T07:09:38
================================================================================
[2026-01-16T07:10:38.715+0000] {manager.py:879} INFO - 
================================================================================
DAG File Processing Stats

File Path                    PID  Runtime      # DAGs    # Errors  Last Runtime    Last Run
-------------------------  -----  ---------  --------  ----------  --------------  -------------------
/opt/airflow/dags/test.py    391  0.00s             1           0  0.17s           2026-01-16T07:10:08
================================================================================
[2026-01-16T07:11:08.908+0000] {manager.py:879} INFO - 
================================================================================
DAG File Processing Stats

File Path                    PID  Runtime      # DAGs    # Errors  Last Runtime    Last Run
-------------------------  -----  ---------  --------  ----------  --------------  -------------------
/opt/airflow/dags/test.py    396  0.00s             1           0  0.10s           2026-01-16T07:10:38
================================================================================
[2026-01-16T07:11:32.100+0000] {manager.py:738} INFO - Searching for files in /opt/airflow/dags
[2026-01-16T07:11:32.103+0000] {manager.py:741} INFO - There are 1 files in /opt/airflow/dags
[2026-01-16T07:11:39.157+0000] {manager.py:879} INFO - 
================================================================================
DAG File Processing Stats

File Path                    PID  Runtime      # DAGs    # Errors  Last Runtime    Last Run
-------------------------  -----  ---------  --------  ----------  --------------  -------------------
/opt/airflow/dags/test.py    401  0.00s             1           0  0.09s           2026-01-16T07:11:08
================================================================================
[2026-01-16T07:12:09.338+0000] {manager.py:879} INFO - 
================================================================================
DAG File Processing Stats

File Path                    PID  Runtime      # DAGs    # Errors  Last Runtime    Last Run
-------------------------  -----  ---------  --------  ----------  --------------  -------------------
/opt/airflow/dags/test.py    406  0.00s             1           0  0.10s           2026-01-16T07:11:39
================================================================================
[2026-01-16T07:12:39.586+0000] {manager.py:879} INFO - 
================================================================================
DAG File Processing Stats

File Path                    PID  Runtime      # DAGs    # Errors  Last Runtime    Last Run
-------------------------  -----  ---------  --------  ----------  --------------  -------------------
/opt/airflow/dags/test.py    411  0.00s             1           0  0.18s           2026-01-16T07:12:09
================================================================================
[2026-01-16T07:13:09.864+0000] {manager.py:879} INFO - 
================================================================================
DAG File Processing Stats

File Path                    PID  Runtime      # DAGs    # Errors  Last Runtime    Last Run
-------------------------  -----  ---------  --------  ----------  --------------  -------------------
/opt/airflow/dags/test.py    416  0.00s             1           0  0.13s           2026-01-16T07:12:39
================================================================================
[2026-01-16T07:13:40.037+0000] {manager.py:879} INFO - 
================================================================================
DAG File Processing Stats

File Path                    PID  Runtime      # DAGs    # Errors  Last Runtime    Last Run
-------------------------  -----  ---------  --------  ----------  --------------  -------------------
/opt/airflow/dags/test.py    421  0.00s             1           0  0.08s           2026-01-16T07:13:09
================================================================================
[2026-01-16T07:14:10.283+0000] {manager.py:879} INFO - 
================================================================================
DAG File Processing Stats

File Path                    PID  Runtime      # DAGs    # Errors  Last Runtime    Last Run
-------------------------  -----  ---------  --------  ----------  --------------  -------------------
/opt/airflow/dags/test.py    426  0.01s             1           0  0.09s           2026-01-16T07:13:40
================================================================================
[2026-01-16T07:14:40.526+0000] {manager.py:879} INFO - 
================================================================================
DAG File Processing Stats

File Path                    PID  Runtime      # DAGs    # Errors  Last Runtime    Last Run
-------------------------  -----  ---------  --------  ----------  --------------  -------------------
/opt/airflow/dags/test.py    431  0.00s             1           0  0.16s           2026-01-16T07:14:10
================================================================================
[2026-01-16T07:15:10.703+0000] {manager.py:879} INFO - 
================================================================================
DAG File Processing Stats

File Path                    PID  Runtime      # DAGs    # Errors  Last Runtime    Last Run
-------------------------  -----  ---------  --------  ----------  --------------  -------------------
/opt/airflow/dags/test.py    436  0.00s             1           0  0.08s           2026-01-16T07:14:40
================================================================================
[2026-01-16T07:15:40.951+0000] {manager.py:879} INFO - 
================================================================================
DAG File Processing Stats

File Path                    PID  Runtime      # DAGs    # Errors  Last Runtime    Last Run
-------------------------  -----  ---------  --------  ----------  --------------  -------------------
/opt/airflow/dags/test.py    441  0.00s             1           0  0.07s           2026-01-16T07:15:10
================================================================================
[2026-01-16T07:16:11.119+0000] {manager.py:879} INFO - 
================================================================================
DAG File Processing Stats

File Path                  PID    Runtime      # DAGs    # Errors  Last Runtime    Last Run
-------------------------  -----  ---------  --------  ----------  --------------  -------------------
/opt/airflow/dags/test.py                           1           0  0.18s           2026-01-16T07:15:41
================================================================================
[2026-01-16T07:16:32.378+0000] {manager.py:738} INFO - Searching for files in /opt/airflow/dags
[2026-01-16T07:16:32.382+0000] {manager.py:741} INFO - There are 1 files in /opt/airflow/dags
[2026-01-16T07:16:41.417+0000] {manager.py:879} INFO - 
================================================================================
DAG File Processing Stats

File Path                    PID  Runtime      # DAGs    # Errors  Last Runtime    Last Run
-------------------------  -----  ---------  --------  ----------  --------------  -------------------
/opt/airflow/dags/test.py    451  0.00s             1           0  0.08s           2026-01-16T07:16:11
================================================================================
[2026-01-16T07:17:11.612+0000] {manager.py:879} INFO - 
================================================================================
DAG File Processing Stats

File Path                    PID  Runtime      # DAGs    # Errors  Last Runtime    Last Run
-------------------------  -----  ---------  --------  ----------  --------------  -------------------
/opt/airflow/dags/test.py    456  0.00s             1           0  0.08s           2026-01-16T07:16:41
================================================================================
[2026-01-16T07:17:41.793+0000] {manager.py:879} INFO - 
================================================================================
DAG File Processing Stats

File Path                    PID  Runtime      # DAGs    # Errors  Last Runtime    Last Run
-------------------------  -----  ---------  --------  ----------  --------------  -------------------
/opt/airflow/dags/test.py    461  0.01s             1           0  0.11s           2026-01-16T07:17:11
================================================================================
[2026-01-16T07:18:12.045+0000] {manager.py:879} INFO - 
================================================================================
DAG File Processing Stats

File Path                    PID  Runtime      # DAGs    # Errors  Last Runtime    Last Run
-------------------------  -----  ---------  --------  ----------  --------------  -------------------
/opt/airflow/dags/test.py    466  0.00s             1           0  0.17s           2026-01-16T07:17:41
================================================================================
[2026-01-16T07:18:42.262+0000] {manager.py:879} INFO - 
================================================================================
DAG File Processing Stats

File Path                    PID  Runtime      # DAGs    # Errors  Last Runtime    Last Run
-------------------------  -----  ---------  --------  ----------  --------------  -------------------
/opt/airflow/dags/test.py    471  0.01s             1           0  0.09s           2026-01-16T07:18:12
================================================================================
[2026-01-16T07:19:12.384+0000] {manager.py:879} INFO - 
================================================================================
DAG File Processing Stats

File Path                  PID    Runtime      # DAGs    # Errors  Last Runtime    Last Run
-------------------------  -----  ---------  --------  ----------  --------------  -------------------
/opt/airflow/dags/test.py                           1           0  0.15s           2026-01-16T07:18:42
================================================================================
[2026-01-16T07:19:42.649+0000] {manager.py:879} INFO - 
================================================================================
DAG File Processing Stats

File Path                    PID  Runtime      # DAGs    # Errors  Last Runtime    Last Run
-------------------------  -----  ---------  --------  ----------  --------------  -------------------
/opt/airflow/dags/test.py    481  0.00s             1           0  0.09s           2026-01-16T07:19:12
================================================================================
[2026-01-16T07:20:12.841+0000] {manager.py:879} INFO - 
================================================================================
DAG File Processing Stats

File Path                    PID  Runtime      # DAGs    # Errors  Last Runtime    Last Run
-------------------------  -----  ---------  --------  ----------  --------------  -------------------
/opt/airflow/dags/test.py    486  0.00s             1           0  0.16s           2026-01-16T07:19:42
================================================================================
[2026-01-16T07:20:42.907+0000] {manager.py:879} INFO - 
================================================================================
DAG File Processing Stats

File Path                  PID    Runtime      # DAGs    # Errors  Last Runtime    Last Run
-------------------------  -----  ---------  --------  ----------  --------------  -------------------
/opt/airflow/dags/test.py                           1           0  0.07s           2026-01-16T07:20:12
================================================================================
